0 silly argv { _: [ 'version' ], lernaVersion: '3.22.1', '$0': 'lerna' }
1 notice cli v3.22.1
2 verbose rootPath /Users/gaoxiang/workspace/wuan-cli
3 info current version 0.0.0
4 silly isAnythingCommitted
5 verbose isAnythingCommitted 1
6 silly currentBranch
7 verbose currentBranch main
8 silly remoteBranchExists
9 silly isBehindUpstream
10 silly isBehindUpstream main is behind origin/main by 0 commit(s) and ahead by 0
11 silly hasTags
12 verbose hasTags false
13 info Assuming all packages changed
14 verbose updated @wuan-cli/core
15 verbose updated @wuan-cli/utils
16 verbose git-describe undefined => "8ad02fa"
17 silly git-describe parsed => {"refCount":"5","sha":"8ad02fa","isDirty":false}
18 info execute Skipping releases
19 silly lifecycle No script for "preversion" in "wuan-cli", continuing
20 silly lifecycle No script for "preversion" in "@wuan-cli/core", continuing
21 silly lifecycle No script for "preversion" in "@wuan-cli/utils", continuing
22 silly lifecycle No script for "version" in "@wuan-cli/utils", continuing
23 silly lifecycle No script for "version" in "@wuan-cli/core", continuing
24 silly lifecycle No script for "version" in "wuan-cli", continuing
25 silly gitAdd [
25 silly gitAdd   'packages/utils/package.json',
25 silly gitAdd   'packages/utils/package-lock.json',
25 silly gitAdd   'packages/core/package.json',
25 silly gitAdd   'packages/core/package-lock.json',
25 silly gitAdd   'lerna.json'
25 silly gitAdd ]
26 error Error: Command failed: git add -- packages/utils/package.json packages/utils/package-lock.json packages/core/package.json packages/core/package-lock.json lerna.json
26 error The following paths are ignored by one of your .gitignore files:
26 error packages/core/package-lock.json
26 error packages/utils/package-lock.json
26 error hint: Use -f if you really want to add them.
26 error hint: Turn this message off by running
26 error hint: "git config advice.addIgnoredFile false"
26 error
26 error     at makeError (/Users/gaoxiang/.nvm/versions/node/v16.15.1/lib/node_modules/lerna/node_modules/execa/index.js:174:9)
26 error     at /Users/gaoxiang/.nvm/versions/node/v16.15.1/lib/node_modules/lerna/node_modules/execa/index.js:278:16
26 error     at processTicksAndRejections (node:internal/process/task_queues:96:5)
